mode: set
github.com/education-hub/BE/app/features/user/service/user.go:35.80,37.2 1 1
github.com/education-hub/BE/app/features/user/service/user.go:39.86,40.48 1 1
github.com/education-hub/BE/app/features/user/service/user.go:45.2,46.16 2 1
github.com/education-hub/BE/app/features/user/service/user.go:50.2,50.75 1 1
github.com/education-hub/BE/app/features/user/service/user.go:55.2,55.30 1 1
github.com/education-hub/BE/app/features/user/service/user.go:59.2,59.18 1 1
github.com/education-hub/BE/app/features/user/service/user.go:40.48,44.3 2 1
github.com/education-hub/BE/app/features/user/service/user.go:46.16,49.3 1 1
github.com/education-hub/BE/app/features/user/service/user.go:50.75,54.3 2 1
github.com/education-hub/BE/app/features/user/service/user.go:55.30,58.3 1 1
github.com/education-hub/BE/app/features/user/service/user.go:62.76,63.48 1 1
github.com/education-hub/BE/app/features/user/service/user.go:68.2,69.16 2 1
github.com/education-hub/BE/app/features/user/service/user.go:73.2,74.16 2 1
github.com/education-hub/BE/app/features/user/service/user.go:80.2,81.16 2 1
github.com/education-hub/BE/app/features/user/service/user.go:86.2,106.71 3 1
github.com/education-hub/BE/app/features/user/service/user.go:110.2,110.12 1 1
github.com/education-hub/BE/app/features/user/service/user.go:63.48,67.3 2 1
github.com/education-hub/BE/app/features/user/service/user.go:69.16,72.3 1 1
github.com/education-hub/BE/app/features/user/service/user.go:74.16,75.30 1 1
github.com/education-hub/BE/app/features/user/service/user.go:75.30,78.4 1 1
github.com/education-hub/BE/app/features/user/service/user.go:81.16,85.3 2 1
github.com/education-hub/BE/app/features/user/service/user.go:106.71,109.3 1 1
github.com/education-hub/BE/app/features/user/service/user.go:113.80,114.88 1 1
github.com/education-hub/BE/app/features/user/service/user.go:118.2,118.12 1 1
github.com/education-hub/BE/app/features/user/service/user.go:114.88,117.3 1 1
github.com/education-hub/BE/app/features/user/service/user.go:120.68,122.16 2 1
github.com/education-hub/BE/app/features/user/service/user.go:126.2,126.30 1 1
github.com/education-hub/BE/app/features/user/service/user.go:130.2,131.144 2 1
github.com/education-hub/BE/app/features/user/service/user.go:143.2,143.12 1 1
github.com/education-hub/BE/app/features/user/service/user.go:122.16,125.3 1 1
github.com/education-hub/BE/app/features/user/service/user.go:126.30,129.3 1 1
github.com/education-hub/BE/app/features/user/service/user.go:131.144,134.3 1 1
github.com/education-hub/BE/app/features/user/service/user.go:147.83,148.84 1 1
github.com/education-hub/BE/app/features/user/service/user.go:152.2,152.12 1 1
github.com/education-hub/BE/app/features/user/service/user.go:148.84,151.3 1 1
github.com/education-hub/BE/app/features/user/service/user.go:155.78,157.16 2 1
github.com/education-hub/BE/app/features/user/service/user.go:161.2,161.17 1 1
github.com/education-hub/BE/app/features/user/service/user.go:157.16,160.3 1 1
github.com/education-hub/BE/app/features/user/service/user.go:164.109,166.24 2 1
github.com/education-hub/BE/app/features/user/service/user.go:175.2,175.24 1 1
github.com/education-hub/BE/app/features/user/service/user.go:182.2,182.21 1 1
github.com/education-hub/BE/app/features/user/service/user.go:202.2,202.17 1 1
github.com/education-hub/BE/app/features/user/service/user.go:212.2,221.16 10 1
github.com/education-hub/BE/app/features/user/service/user.go:225.2,225.17 1 1
github.com/education-hub/BE/app/features/user/service/user.go:166.24,168.17 2 1
github.com/education-hub/BE/app/features/user/service/user.go:173.3,173.26 1 1
github.com/education-hub/BE/app/features/user/service/user.go:168.17,172.4 2 1
github.com/education-hub/BE/app/features/user/service/user.go:175.24,177.17 2 1
github.com/education-hub/BE/app/features/user/service/user.go:177.17,180.4 1 1
github.com/education-hub/BE/app/features/user/service/user.go:182.21,184.17 2 1
github.com/education-hub/BE/app/features/user/service/user.go:190.3,200.25 3 1
github.com/education-hub/BE/app/features/user/service/user.go:184.17,185.31 1 1
github.com/education-hub/BE/app/features/user/service/user.go:185.31,188.5 1 1
github.com/education-hub/BE/app/features/user/service/user.go:202.17,204.64 2 1
github.com/education-hub/BE/app/features/user/service/user.go:209.3,210.15 2 1
github.com/education-hub/BE/app/features/user/service/user.go:204.64,208.4 2 1
github.com/education-hub/BE/app/features/user/service/user.go:221.16,224.3 1 1
github.com/education-hub/BE/app/features/user/service/user.go:227.58,231.16 4 1
github.com/education-hub/BE/app/features/user/service/user.go:235.2,235.12 1 1
github.com/education-hub/BE/app/features/user/service/user.go:231.16,234.3 1 1
github.com/education-hub/BE/app/features/school/service/school.go:61.108,63.2 1 1
github.com/education-hub/BE/app/features/school/service/school.go:65.129,66.48 1 1
github.com/education-hub/BE/app/features/school/service/school.go:72.2,72.79 1 1
github.com/education-hub/BE/app/features/school/service/school.go:76.2,76.62 1 1
github.com/education-hub/BE/app/features/school/service/school.go:80.2,99.32 2 1
github.com/education-hub/BE/app/features/school/service/school.go:141.2,143.17 3 1
github.com/education-hub/BE/app/features/school/service/school.go:147.2,147.16 1 1
github.com/education-hub/BE/app/features/school/service/school.go:66.48,70.3 2 1
github.com/education-hub/BE/app/features/school/service/school.go:72.79,75.3 2 1
github.com/education-hub/BE/app/features/school/service/school.go:76.62,79.3 1 1
github.com/education-hub/BE/app/features/school/service/school.go:99.32,103.13 4 1
github.com/education-hub/BE/app/features/school/service/school.go:118.3,118.13 1 1
github.com/education-hub/BE/app/features/school/service/school.go:132.3,134.28 3 1
github.com/education-hub/BE/app/features/school/service/school.go:103.13,106.66 3 1
github.com/education-hub/BE/app/features/school/service/school.go:112.4,115.10 4 1
github.com/education-hub/BE/app/features/school/service/school.go:106.66,111.5 4 1
github.com/education-hub/BE/app/features/school/service/school.go:118.13,121.64 3 1
github.com/education-hub/BE/app/features/school/service/school.go:127.4,130.10 4 1
github.com/education-hub/BE/app/features/school/service/school.go:121.64,126.5 4 1
github.com/education-hub/BE/app/features/school/service/school.go:134.28,135.18 1 1
github.com/education-hub/BE/app/features/school/service/school.go:135.18,138.5 1 1
github.com/education-hub/BE/app/features/school/service/school.go:143.17,146.3 2 1
github.com/education-hub/BE/app/features/school/service/school.go:149.69,150.74 1 1
github.com/education-hub/BE/app/features/school/service/school.go:154.2,154.12 1 1
github.com/education-hub/BE/app/features/school/service/school.go:150.74,153.3 1 1
github.com/education-hub/BE/app/features/school/service/school.go:156.149,157.48 1 1
github.com/education-hub/BE/app/features/school/service/school.go:162.2,162.20 1 1
github.com/education-hub/BE/app/features/school/service/school.go:172.2,195.18 3 1
github.com/education-hub/BE/app/features/school/service/school.go:205.2,205.16 1 1
github.com/education-hub/BE/app/features/school/service/school.go:215.2,216.16 2 1
github.com/education-hub/BE/app/features/school/service/school.go:220.2,242.18 2 1
github.com/education-hub/BE/app/features/school/service/school.go:157.48,161.3 2 1
github.com/education-hub/BE/app/features/school/service/school.go:162.20,163.80 1 1
github.com/education-hub/BE/app/features/school/service/school.go:167.3,167.63 1 1
github.com/education-hub/BE/app/features/school/service/school.go:163.80,166.4 2 1
github.com/education-hub/BE/app/features/school/service/school.go:167.63,170.4 1 1
github.com/education-hub/BE/app/features/school/service/school.go:195.18,197.63 2 1
github.com/education-hub/BE/app/features/school/service/school.go:202.3,203.16 2 1
github.com/education-hub/BE/app/features/school/service/school.go:197.63,201.4 2 1
github.com/education-hub/BE/app/features/school/service/school.go:205.16,207.61 2 1
github.com/education-hub/BE/app/features/school/service/school.go:212.3,213.14 2 1
github.com/education-hub/BE/app/features/school/service/school.go:207.61,211.4 2 1
github.com/education-hub/BE/app/features/school/service/school.go:216.16,219.3 1 1
github.com/education-hub/BE/app/features/school/service/school.go:244.47,246.2 1 1
github.com/education-hub/BE/app/features/school/service/school.go:248.118,249.48 1 1
github.com/education-hub/BE/app/features/school/service/school.go:254.2,255.62 2 1
github.com/education-hub/BE/app/features/school/service/school.go:261.2,269.16 4 1
github.com/education-hub/BE/app/features/school/service/school.go:273.2,273.17 1 1
github.com/education-hub/BE/app/features/school/service/school.go:249.48,253.3 2 1
github.com/education-hub/BE/app/features/school/service/school.go:255.62,260.3 3 1
github.com/education-hub/BE/app/features/school/service/school.go:269.16,272.3 1 1
github.com/education-hub/BE/app/features/school/service/school.go:276.71,277.80 1 1
github.com/education-hub/BE/app/features/school/service/school.go:281.2,281.12 1 1
github.com/education-hub/BE/app/features/school/service/school.go:277.80,280.3 1 1
github.com/education-hub/BE/app/features/school/service/school.go:284.124,285.48 1 1
github.com/education-hub/BE/app/features/school/service/school.go:290.2,291.18 2 1
github.com/education-hub/BE/app/features/school/service/school.go:294.2,301.16 4 1
github.com/education-hub/BE/app/features/school/service/school.go:305.2,305.18 1 1
github.com/education-hub/BE/app/features/school/service/school.go:314.2,314.31 1 1
github.com/education-hub/BE/app/features/school/service/school.go:285.48,289.3 2 1
github.com/education-hub/BE/app/features/school/service/school.go:291.18,293.3 1 1
github.com/education-hub/BE/app/features/school/service/school.go:301.16,304.3 1 1
github.com/education-hub/BE/app/features/school/service/school.go:305.18,306.63 1 1
github.com/education-hub/BE/app/features/school/service/school.go:312.3,312.16 1 1
github.com/education-hub/BE/app/features/school/service/school.go:306.63,311.4 3 1
github.com/education-hub/BE/app/features/school/service/school.go:317.127,318.48 1 1
github.com/education-hub/BE/app/features/school/service/school.go:323.2,324.62 2 1
github.com/education-hub/BE/app/features/school/service/school.go:330.2,338.16 4 1
github.com/education-hub/BE/app/features/school/service/school.go:342.2,342.17 1 1
github.com/education-hub/BE/app/features/school/service/school.go:318.48,322.3 2 1
github.com/education-hub/BE/app/features/school/service/school.go:324.62,329.3 3 1
github.com/education-hub/BE/app/features/school/service/school.go:338.16,341.3 1 1
github.com/education-hub/BE/app/features/school/service/school.go:345.75,346.84 1 1
github.com/education-hub/BE/app/features/school/service/school.go:350.2,350.12 1 1
github.com/education-hub/BE/app/features/school/service/school.go:346.84,349.3 1 1
github.com/education-hub/BE/app/features/school/service/school.go:353.133,354.48 1 1
github.com/education-hub/BE/app/features/school/service/school.go:359.2,360.18 2 1
github.com/education-hub/BE/app/features/school/service/school.go:363.2,370.16 4 1
github.com/education-hub/BE/app/features/school/service/school.go:374.2,374.18 1 1
github.com/education-hub/BE/app/features/school/service/school.go:383.2,383.31 1 1
github.com/education-hub/BE/app/features/school/service/school.go:354.48,358.3 2 1
github.com/education-hub/BE/app/features/school/service/school.go:360.18,362.3 1 1
github.com/education-hub/BE/app/features/school/service/school.go:370.16,373.3 1 1
github.com/education-hub/BE/app/features/school/service/school.go:374.18,375.63 1 1
github.com/education-hub/BE/app/features/school/service/school.go:381.3,381.16 1 1
github.com/education-hub/BE/app/features/school/service/school.go:375.63,380.4 3 1
github.com/education-hub/BE/app/features/school/service/school.go:385.90,387.16 2 1
github.com/education-hub/BE/app/features/school/service/school.go:391.2,392.28 2 1
github.com/education-hub/BE/app/features/school/service/school.go:395.2,418.40 2 1
github.com/education-hub/BE/app/features/school/service/school.go:427.2,427.32 1 1
github.com/education-hub/BE/app/features/school/service/school.go:436.2,436.44 1 1
github.com/education-hub/BE/app/features/school/service/school.go:445.2,445.36 1 1
github.com/education-hub/BE/app/features/school/service/school.go:464.2,464.18 1 1
github.com/education-hub/BE/app/features/school/service/school.go:387.16,390.3 1 1
github.com/education-hub/BE/app/features/school/service/school.go:392.28,394.3 1 1
github.com/education-hub/BE/app/features/school/service/school.go:418.40,426.3 2 1
github.com/education-hub/BE/app/features/school/service/school.go:427.32,434.3 2 1
github.com/education-hub/BE/app/features/school/service/school.go:436.44,444.3 2 1
github.com/education-hub/BE/app/features/school/service/school.go:445.36,446.24 1 1
github.com/education-hub/BE/app/features/school/service/school.go:446.24,454.4 2 1
github.com/education-hub/BE/app/features/school/service/school.go:454.9,462.4 2 1
github.com/education-hub/BE/app/features/school/service/school.go:466.104,469.16 3 1
github.com/education-hub/BE/app/features/school/service/school.go:473.2,474.27 2 1
github.com/education-hub/BE/app/features/school/service/school.go:485.2,492.18 2 1
github.com/education-hub/BE/app/features/school/service/school.go:469.16,472.3 1 1
github.com/education-hub/BE/app/features/school/service/school.go:474.27,484.3 2 1
github.com/education-hub/BE/app/features/school/service/school.go:494.88,497.16 2 1
github.com/education-hub/BE/app/features/school/service/school.go:501.2,525.40 2 1
github.com/education-hub/BE/app/features/school/service/school.go:534.2,534.35 1 1
github.com/education-hub/BE/app/features/school/service/school.go:541.2,541.32 1 1
github.com/education-hub/BE/app/features/school/service/school.go:549.2,549.44 1 1
github.com/education-hub/BE/app/features/school/service/school.go:558.2,558.36 1 1
github.com/education-hub/BE/app/features/school/service/school.go:578.2,578.18 1 1
github.com/education-hub/BE/app/features/school/service/school.go:497.16,500.3 1 1
github.com/education-hub/BE/app/features/school/service/school.go:525.40,533.3 2 1
github.com/education-hub/BE/app/features/school/service/school.go:534.35,540.3 2 1
github.com/education-hub/BE/app/features/school/service/school.go:541.32,548.3 2 1
github.com/education-hub/BE/app/features/school/service/school.go:549.44,557.3 2 1
github.com/education-hub/BE/app/features/school/service/school.go:558.36,559.24 1 1
github.com/education-hub/BE/app/features/school/service/school.go:559.24,567.4 2 1
github.com/education-hub/BE/app/features/school/service/school.go:567.9,575.4 2 1
github.com/education-hub/BE/app/features/school/service/school.go:581.81,582.48 1 1
github.com/education-hub/BE/app/features/school/service/school.go:587.2,593.16 3 1
github.com/education-hub/BE/app/features/school/service/school.go:597.2,597.17 1 1
github.com/education-hub/BE/app/features/school/service/school.go:582.48,586.3 2 1
github.com/education-hub/BE/app/features/school/service/school.go:593.16,596.3 1 1
github.com/education-hub/BE/app/features/school/service/school.go:600.63,601.72 1 1
github.com/education-hub/BE/app/features/school/service/school.go:605.2,605.12 1 1
github.com/education-hub/BE/app/features/school/service/school.go:601.72,604.3 1 1
github.com/education-hub/BE/app/features/school/service/school.go:608.87,609.48 1 1
github.com/education-hub/BE/app/features/school/service/school.go:614.2,620.16 4 1
github.com/education-hub/BE/app/features/school/service/school.go:624.2,624.31 1 1
github.com/education-hub/BE/app/features/school/service/school.go:609.48,613.3 2 1
github.com/education-hub/BE/app/features/school/service/school.go:620.16,623.3 1 1
github.com/education-hub/BE/app/features/school/service/school.go:627.111,628.48 1 1
github.com/education-hub/BE/app/features/school/service/school.go:634.2,635.62 2 1
github.com/education-hub/BE/app/features/school/service/school.go:641.2,643.24 3 1
github.com/education-hub/BE/app/features/school/service/school.go:646.2,655.16 3 1
github.com/education-hub/BE/app/features/school/service/school.go:659.2,659.17 1 1
github.com/education-hub/BE/app/features/school/service/school.go:628.48,633.3 2 1
github.com/education-hub/BE/app/features/school/service/school.go:635.62,640.3 3 1
github.com/education-hub/BE/app/features/school/service/school.go:643.24,645.3 1 1
github.com/education-hub/BE/app/features/school/service/school.go:655.16,658.3 1 1
github.com/education-hub/BE/app/features/school/service/school.go:662.67,663.76 1 1
github.com/education-hub/BE/app/features/school/service/school.go:667.2,667.12 1 1
github.com/education-hub/BE/app/features/school/service/school.go:663.76,666.3 1 1
github.com/education-hub/BE/app/features/school/service/school.go:670.117,671.48 1 1
github.com/education-hub/BE/app/features/school/service/school.go:676.2,677.18 2 1
github.com/education-hub/BE/app/features/school/service/school.go:680.2,681.25 2 1
github.com/education-hub/BE/app/features/school/service/school.go:688.2,689.25 2 1
github.com/education-hub/BE/app/features/school/service/school.go:692.2,701.16 4 1
github.com/education-hub/BE/app/features/school/service/school.go:705.2,705.18 1 1
github.com/education-hub/BE/app/features/school/service/school.go:714.2,714.31 1 1
github.com/education-hub/BE/app/features/school/service/school.go:671.48,675.3 2 1
github.com/education-hub/BE/app/features/school/service/school.go:677.18,679.3 1 1
github.com/education-hub/BE/app/features/school/service/school.go:681.25,682.25 1 1
github.com/education-hub/BE/app/features/school/service/school.go:682.25,684.4 1 1
github.com/education-hub/BE/app/features/school/service/school.go:684.9,686.4 1 1
github.com/education-hub/BE/app/features/school/service/school.go:689.25,691.3 1 1
github.com/education-hub/BE/app/features/school/service/school.go:701.16,704.3 1 1
github.com/education-hub/BE/app/features/school/service/school.go:705.18,706.63 1 1
github.com/education-hub/BE/app/features/school/service/school.go:712.3,712.16 1 1
github.com/education-hub/BE/app/features/school/service/school.go:706.63,711.4 3 1
github.com/education-hub/BE/app/features/school/service/school.go:717.152,718.48 1 1
github.com/education-hub/BE/app/features/school/service/school.go:723.2,729.12 7 1
github.com/education-hub/BE/app/features/school/service/school.go:740.2,740.12 1 1
github.com/education-hub/BE/app/features/school/service/school.go:751.2,751.12 1 1
github.com/education-hub/BE/app/features/school/service/school.go:762.2,764.27 3 1
github.com/education-hub/BE/app/features/school/service/school.go:770.2,809.16 7 1
github.com/education-hub/BE/app/features/school/service/school.go:813.2,813.17 1 1
github.com/education-hub/BE/app/features/school/service/school.go:718.48,722.3 2 1
github.com/education-hub/BE/app/features/school/service/school.go:729.12,731.73 2 1
github.com/education-hub/BE/app/features/school/service/school.go:737.3,738.17 2 1
github.com/education-hub/BE/app/features/school/service/school.go:731.73,736.4 4 1
github.com/education-hub/BE/app/features/school/service/school.go:740.12,742.76 2 1
github.com/education-hub/BE/app/features/school/service/school.go:748.3,749.17 2 1
github.com/education-hub/BE/app/features/school/service/school.go:742.76,747.4 4 1
github.com/education-hub/BE/app/features/school/service/school.go:751.12,753.74 2 1
github.com/education-hub/BE/app/features/school/service/school.go:759.3,760.17 2 1
github.com/education-hub/BE/app/features/school/service/school.go:753.74,758.4 4 1
github.com/education-hub/BE/app/features/school/service/school.go:764.27,765.17 1 1
github.com/education-hub/BE/app/features/school/service/school.go:765.17,768.4 1 1
github.com/education-hub/BE/app/features/school/service/school.go:809.16,812.3 1 1
github.com/education-hub/BE/app/features/school/service/school.go:816.94,821.22 1 1
github.com/education-hub/BE/app/features/school/service/school.go:825.2,826.16 2 1
github.com/education-hub/BE/app/features/school/service/school.go:857.2,857.25 1 1
github.com/education-hub/BE/app/features/school/service/school.go:821.22,824.3 1 1
github.com/education-hub/BE/app/features/school/service/school.go:826.16,829.3 1 1
github.com/education-hub/BE/app/features/school/service/school.go:860.101,862.16 2 1
github.com/education-hub/BE/app/features/school/service/school.go:866.2,867.27 2 1
github.com/education-hub/BE/app/features/school/service/school.go:876.2,876.17 1 1
github.com/education-hub/BE/app/features/school/service/school.go:862.16,865.3 1 1
github.com/education-hub/BE/app/features/school/service/school.go:867.27,875.3 2 1
github.com/education-hub/BE/app/features/school/service/school.go:878.98,880.16 2 1
github.com/education-hub/BE/app/features/school/service/school.go:884.2,884.78 1 1
github.com/education-hub/BE/app/features/school/service/school.go:880.16,883.3 1 1
github.com/education-hub/BE/app/features/school/service/school.go:887.124,889.16 2 1
github.com/education-hub/BE/app/features/school/service/school.go:893.2,894.39 2 1
github.com/education-hub/BE/app/features/school/service/school.go:904.2,904.17 1 1
github.com/education-hub/BE/app/features/school/service/school.go:889.16,892.3 1 1
github.com/education-hub/BE/app/features/school/service/school.go:894.39,903.3 2 1
github.com/education-hub/BE/app/features/school/service/school.go:906.102,908.16 2 1
github.com/education-hub/BE/app/features/school/service/school.go:912.2,938.18 6 1
github.com/education-hub/BE/app/features/school/service/school.go:908.16,911.3 1 1
github.com/education-hub/BE/app/features/school/service/school.go:941.82,942.48 1 1
github.com/education-hub/BE/app/features/school/service/school.go:947.2,947.44 1 1
github.com/education-hub/BE/app/features/school/service/school.go:951.2,952.16 2 1
github.com/education-hub/BE/app/features/school/service/school.go:956.2,956.17 1 1
github.com/education-hub/BE/app/features/school/service/school.go:942.48,946.3 2 1
github.com/education-hub/BE/app/features/school/service/school.go:947.44,950.3 1 1
github.com/education-hub/BE/app/features/school/service/school.go:952.16,955.3 1 1
github.com/education-hub/BE/app/features/school/service/school.go:959.81,961.19 1 1
github.com/education-hub/BE/app/features/school/service/school.go:965.2,966.16 2 1
github.com/education-hub/BE/app/features/school/service/school.go:975.2,988.16 4 1
github.com/education-hub/BE/app/features/school/service/school.go:1000.2,1000.12 1 1
github.com/education-hub/BE/app/features/school/service/school.go:961.19,964.3 2 1
github.com/education-hub/BE/app/features/school/service/school.go:966.16,969.3 1 1
github.com/education-hub/BE/app/features/school/service/school.go:988.16,991.3 1 1
github.com/education-hub/BE/app/features/school/service/school.go:1003.88,1006.16 2 1
github.com/education-hub/BE/app/features/school/service/school.go:1019.2,1020.17 2 1
github.com/education-hub/BE/app/features/school/service/school.go:1006.16,1009.3 1 1
