mode: set
github.com/education-hub/BE/app/features/user/service/user.go:33.80,35.2 1 1
github.com/education-hub/BE/app/features/user/service/user.go:37.85,38.48 1 1
github.com/education-hub/BE/app/features/user/service/user.go:42.2,43.16 2 1
github.com/education-hub/BE/app/features/user/service/user.go:46.2,46.75 1 1
github.com/education-hub/BE/app/features/user/service/user.go:50.2,50.30 1 1
github.com/education-hub/BE/app/features/user/service/user.go:53.2,53.37 1 1
github.com/education-hub/BE/app/features/user/service/user.go:38.48,41.3 2 1
github.com/education-hub/BE/app/features/user/service/user.go:43.16,45.3 1 1
github.com/education-hub/BE/app/features/user/service/user.go:46.75,49.3 2 1
github.com/education-hub/BE/app/features/user/service/user.go:50.30,52.3 1 1
github.com/education-hub/BE/app/features/user/service/user.go:56.76,57.48 1 1
github.com/education-hub/BE/app/features/user/service/user.go:61.2,62.16 2 1
github.com/education-hub/BE/app/features/user/service/user.go:65.2,66.16 2 1
github.com/education-hub/BE/app/features/user/service/user.go:71.2,72.16 2 1
github.com/education-hub/BE/app/features/user/service/user.go:76.2,96.16 4 1
github.com/education-hub/BE/app/features/user/service/user.go:99.2,99.12 1 1
github.com/education-hub/BE/app/features/user/service/user.go:57.48,60.3 2 1
github.com/education-hub/BE/app/features/user/service/user.go:62.16,64.3 1 1
github.com/education-hub/BE/app/features/user/service/user.go:66.16,67.30 1 1
github.com/education-hub/BE/app/features/user/service/user.go:67.30,69.4 1 1
github.com/education-hub/BE/app/features/user/service/user.go:72.16,75.3 2 1
github.com/education-hub/BE/app/features/user/service/user.go:96.16,98.3 1 1
github.com/education-hub/BE/app/features/user/service/user.go:102.80,103.88 1 1
github.com/education-hub/BE/app/features/user/service/user.go:106.2,106.12 1 1
github.com/education-hub/BE/app/features/user/service/user.go:103.88,105.3 1 1
github.com/education-hub/BE/app/features/user/service/user.go:108.68,110.16 2 1
github.com/education-hub/BE/app/features/user/service/user.go:113.2,113.30 1 1
github.com/education-hub/BE/app/features/user/service/user.go:116.2,117.144 2 1
github.com/education-hub/BE/app/features/user/service/user.go:127.2,127.12 1 1
github.com/education-hub/BE/app/features/user/service/user.go:110.16,112.3 1 1
github.com/education-hub/BE/app/features/user/service/user.go:113.30,115.3 1 1
github.com/education-hub/BE/app/features/user/service/user.go:117.144,119.3 1 1
github.com/education-hub/BE/app/features/user/service/user.go:131.83,132.84 1 1
github.com/education-hub/BE/app/features/user/service/user.go:135.2,135.12 1 1
github.com/education-hub/BE/app/features/user/service/user.go:132.84,134.3 1 1
